app/build/intermediates/manifest_merge_blame_file/debug/manifest-merger-blame-debug-report.txt
1<?xml version="1.0" encoding="utf-8"?>
2<manifest xmlns:android="http://schemas.android.com/apk/res/android"
3    package="com.lomovskiy.snitch"
4    android:versionCode="1"
5    android:versionName="1.0" >
6
7    <uses-sdk
8        android:minSdkVersion="21"
8-->src/main/AndroidManifest.xml
9        android:targetSdkVersion="30" />
9-->src/main/AndroidManifest.xml
10
11    <application
11-->src/main/AndroidManifest.xml:5:5-24:19
12        android:name="com.lomovskiy.snitch.AppLoader"
12-->src/main/AndroidManifest.xml:6:9-34
13        android:allowBackup="true"
13-->src/main/AndroidManifest.xml:7:9-35
14        android:appComponentFactory="androidx.core.app.CoreComponentFactory"
14-->[androidx.core:core:1.5.0-beta01] AndroidManifest.xml:24:18-86
15        android:debuggable="true"
16        android:icon="@mipmap/ic_launcher"
16-->src/main/AndroidManifest.xml:8:9-43
17        android:label="@string/app_name"
17-->src/main/AndroidManifest.xml:9:9-41
18        android:roundIcon="@mipmap/ic_launcher_round"
18-->src/main/AndroidManifest.xml:10:9-54
19        android:supportsRtl="true"
19-->src/main/AndroidManifest.xml:11:9-35
20        android:theme="@style/Theme.Snitch" >
20-->src/main/AndroidManifest.xml:12:9-44
21        <activity
21-->src/main/AndroidManifest.xml:13:9-23:20
22            android:name="com.lomovskiy.snitch.presentation.MainActivity"
22-->src/main/AndroidManifest.xml:14:13-54
23            android:exported="true"
23-->src/main/AndroidManifest.xml:15:13-36
24            android:label="@string/app_name"
24-->src/main/AndroidManifest.xml:16:13-45
25            android:theme="@style/Theme.Snitch.NoActionBar" >
25-->src/main/AndroidManifest.xml:17:13-60
26            <intent-filter>
26-->src/main/AndroidManifest.xml:18:13-22:29
27                <action android:name="android.intent.action.MAIN" />
27-->src/main/AndroidManifest.xml:19:17-69
27-->src/main/AndroidManifest.xml:19:25-66
28
29                <category android:name="android.intent.category.LAUNCHER" />
29-->src/main/AndroidManifest.xml:21:17-77
29-->src/main/AndroidManifest.xml:21:27-74
30            </intent-filter>
31        </activity>
32        <activity
32-->[androidx.compose.ui:ui-tooling:1.0.0-beta06] AndroidManifest.xml:25:9-27:39
33            android:name="androidx.compose.ui.tooling.preview.PreviewActivity"
33-->[androidx.compose.ui:ui-tooling:1.0.0-beta06] AndroidManifest.xml:26:13-79
34            android:exported="true" />
34-->[androidx.compose.ui:ui-tooling:1.0.0-beta06] AndroidManifest.xml:27:13-36
35    </application>
36
37</manifest>